# Logfile created on Tue Dec 08 10:24:19 -0500 2009  [4;36;1mSQL (0.3ms)[0m   [0;1m SELECT name
 FROM sqlite_master
 WHERE type = 'table' AND NOT name = 'sqlite_sequence'
[0m
  [4;35;1mSQL (0.2ms)[0m   [0m SELECT name
 FROM sqlite_master
 WHERE type = 'table' AND NOT name = 'sqlite_sequence'
[0m
  [4;36;1mSQL (0.5ms)[0m   [0;1m SELECT name
 FROM sqlite_master
 WHERE type = 'table' AND NOT name = 'sqlite_sequence'
[0m
  [4;35;1mSQL (2.1ms)[0m   [0mDELETE FROM "users";[0m
  [4;36;1mUser Load (0.2ms)[0m   [0;1mSELECT "users".id FROM "users" WHERE (LOWER("users"."email") = 'email@person.com') LIMIT 1[0m
  [4;35;1mUser Create (0.4ms)[0m   [0mINSERT INTO "users" ("encrypted_password", "salt", "created_at", "updated_at", "remember_token", "confirmation_token", "email_confirmed", "email") VALUES('dcc0b690f9de6b50c1056c51a88fbbba9754f02b', 'c40783ac585dbb29a70647ec89c057592ed063cc', '2009-12-08 15:25:25', '2009-12-08 15:25:25', NULL, 'a0a8ed97ad41fd51355fdd6db837b2b201c1e4fb', 't', 'email@person.com')[0m


Processing Clearance::SessionsController#new (for 127.0.0.1 at 2009-12-08 10:25:40) [GET]
  Parameters: {"action"=>"new", "controller"=>"clearance/sessions"}
Rendering template within layouts/application
Rendering sessions/new
Rendered shared/_user_panel (0.7ms)
Rendered shared/_flashes (5.6ms)
Completed in 23ms (View: 21, DB: 0) | 200 OK [http://localhost/session/new]
  [4;36;1mSQL (0.4ms)[0m   [0;1m SELECT name
 FROM sqlite_master
 WHERE type = 'table' AND NOT name = 'sqlite_sequence'
[0m
  [4;35;1mSQL (2.1ms)[0m   [0mDELETE FROM "users";[0m
  [4;36;1mSQL (0.5ms)[0m   [0;1m SELECT name
 FROM sqlite_master
 WHERE type = 'table' AND NOT name = 'sqlite_sequence'
[0m
  [4;35;1mSQL (2.2ms)[0m   [0mDELETE FROM "users";[0m
  [4;36;1mUser Load (0.3ms)[0m   [0;1mSELECT "users".id FROM "users" WHERE (LOWER("users"."email") = 'email@person.com') LIMIT 1[0m
  [4;35;1mUser Create (0.4ms)[0m   [0mINSERT INTO "users" ("encrypted_password", "salt", "created_at", "updated_at", "remember_token", "confirmation_token", "email_confirmed", "email") VALUES('9e6e9afa483acd8239335faa429f8775dbffda56', '3484ce0d8babfa1d3d56a4ce08e282b108cf77eb', '2009-12-08 15:42:09', '2009-12-08 15:42:09', NULL, '9b51c13e747d9f5729462d7c8b28df6635a7fefc', 't', 'email@person.com')[0m


Processing Clearance::SessionsController#new (for 127.0.0.1 at 2009-12-08 10:42:22) [GET]
  Parameters: {"action"=>"new", "controller"=>"clearance/sessions"}
Rendering template within layouts/application
Rendering sessions/new
Rendered shared/_user_panel (0.6ms)
Rendered shared/_flashes (5.6ms)
Completed in 22ms (View: 20, DB: 0) | 200 OK [http://localhost/session/new]
  [4;36;1mSQL (0.4ms)[0m   [0;1m SELECT name
 FROM sqlite_master
 WHERE type = 'table' AND NOT name = 'sqlite_sequence'
[0m
  [4;35;1mSQL (2.2ms)[0m   [0mDELETE FROM "users";[0m
  [4;36;1mSQL (0.5ms)[0m   [0;1m SELECT name
 FROM sqlite_master
 WHERE type = 'table' AND NOT name = 'sqlite_sequence'
[0m
  [4;35;1mSQL (2.8ms)[0m   [0mDELETE FROM "users";[0m
  [4;36;1mUser Load (0.3ms)[0m   [0;1mSELECT "users".id FROM "users" WHERE (LOWER("users"."email") = 'email@person.com') LIMIT 1[0m
  [4;35;1mUser Create (0.4ms)[0m   [0mINSERT INTO "users" ("encrypted_password", "salt", "created_at", "updated_at", "remember_token", "confirmation_token", "email_confirmed", "email") VALUES('feaca97fe98920eded26b886f40c6dc411f039a1', 'a082eb36c6cc043ff7822723d03b070f1ccd5c34', '2009-12-08 15:43:11', '2009-12-08 15:43:11', NULL, '17e8dc9bc85f4291ff41c90e98e798f2b7587aaa', 't', 'email@person.com')[0m


Processing Clearance::SessionsController#new (for 127.0.0.1 at 2009-12-08 10:43:24) [GET]
  Parameters: {"action"=>"new", "controller"=>"clearance/sessions"}
Rendering template within layouts/application
Rendering sessions/new
Rendered shared/_user_panel (0.6ms)
Rendered shared/_flashes (5.6ms)
Completed in 22ms (View: 20, DB: 0) | 200 OK [http://localhost/session/new]
  [4;36;1mSQL (0.4ms)[0m   [0;1m SELECT name
 FROM sqlite_master
 WHERE type = 'table' AND NOT name = 'sqlite_sequence'
[0m
  [4;35;1mSQL (2.1ms)[0m   [0mDELETE FROM "users";[0m
  [4;36;1mSQL (0.5ms)[0m   [0;1m SELECT name
 FROM sqlite_master
 WHERE type = 'table' AND NOT name = 'sqlite_sequence'
[0m
  [4;35;1mSQL (2.8ms)[0m   [0mDELETE FROM "users";[0m
  [4;36;1mUser Load (0.3ms)[0m   [0;1mSELECT "users".id FROM "users" WHERE (LOWER("users"."email") = 'email@person.com') LIMIT 1[0m
  [4;35;1mUser Create (0.4ms)[0m   [0mINSERT INTO "users" ("encrypted_password", "salt", "created_at", "updated_at", "remember_token", "confirmation_token", "email_confirmed", "email") VALUES('0a8e9b1359b32532b7bbab805894128d04e02ffe', '6c393188616ea9ab32337071f72886a0dbf8e714', '2009-12-08 15:43:47', '2009-12-08 15:43:47', NULL, '083bf4606e7a1afd2d0d93daa0758f5569b784c7', 't', 'email@person.com')[0m


Processing Clearance::SessionsController#new (for 127.0.0.1 at 2009-12-08 10:44:00) [GET]
  Parameters: {"action"=>"new", "controller"=>"clearance/sessions"}
Rendering template within layouts/application
Rendering sessions/new
Rendered shared/_user_panel (0.7ms)
Rendered shared/_flashes (5.3ms)
Completed in 22ms (View: 20, DB: 0) | 200 OK [http://localhost/session/new]
  [4;36;1mSQL (0.4ms)[0m   [0;1m SELECT name
 FROM sqlite_master
 WHERE type = 'table' AND NOT name = 'sqlite_sequence'
[0m
  [4;35;1mSQL (2.2ms)[0m   [0mDELETE FROM "users";[0m
  [4;36;1mSQL (0.5ms)[0m   [0;1m SELECT name
 FROM sqlite_master
 WHERE type = 'table' AND NOT name = 'sqlite_sequence'
[0m
  [4;35;1mSQL (2.2ms)[0m   [0mDELETE FROM "users";[0m
  [4;36;1mUser Load (0.3ms)[0m   [0;1mSELECT "users".id FROM "users" WHERE (LOWER("users"."email") = 'email@person.com') LIMIT 1[0m
  [4;35;1mUser Create (0.4ms)[0m   [0mINSERT INTO "users" ("encrypted_password", "salt", "created_at", "updated_at", "remember_token", "confirmation_token", "email_confirmed", "email") VALUES('492d3723ee7acd1b3be7a8f477c1db210f007836', '2cde0a2a79ea1967a3fd6695a536c9f0369b40ed', '2009-12-08 15:45:02', '2009-12-08 15:45:02', NULL, '4b7ec88065fcf75e063745f38e015fc3fe719fc5', 't', 'email@person.com')[0m


Processing Clearance::SessionsController#new (for 127.0.0.1 at 2009-12-08 10:45:15) [GET]
  Parameters: {"action"=>"new", "controller"=>"clearance/sessions"}
Rendering template within layouts/application
Rendering sessions/new
Rendered shared/_user_panel (0.7ms)
Rendered shared/_flashes (5.7ms)
Completed in 23ms (View: 21, DB: 0) | 200 OK [http://localhost/session/new]
  [4;36;1mSQL (0.4ms)[0m   [0;1m SELECT name
 FROM sqlite_master
 WHERE type = 'table' AND NOT name = 'sqlite_sequence'
[0m
  [4;35;1mSQL (1.8ms)[0m   [0mDELETE FROM "users";[0m
  [4;36;1mSQL (0.5ms)[0m   [0;1m SELECT name
 FROM sqlite_master
 WHERE type = 'table' AND NOT name = 'sqlite_sequence'
[0m
  [4;35;1mSQL (3.2ms)[0m   [0mDELETE FROM "users";[0m
  [4;36;1mUser Load (0.3ms)[0m   [0;1mSELECT "users".id FROM "users" WHERE (LOWER("users"."email") = 'email@person.com') LIMIT 1[0m
  [4;35;1mUser Create (0.4ms)[0m   [0mINSERT INTO "users" ("encrypted_password", "salt", "created_at", "updated_at", "remember_token", "confirmation_token", "email_confirmed", "email") VALUES('587123f863b782adcc3a3ee284523cb895a1206f', '0965c6a9a4f49d5e14150f8025ba101587b691bd', '2009-12-08 15:48:29', '2009-12-08 15:48:29', NULL, '8ad023a4d23644ecec040511a1a9eeb8e8718bb0', 't', 'email@person.com')[0m


Processing Clearance::SessionsController#new (for 127.0.0.1 at 2009-12-08 10:48:42) [GET]
  Parameters: {"action"=>"new", "controller"=>"clearance/sessions"}
Rendering template within layouts/application
Rendering sessions/new
Rendered shared/_user_panel (0.6ms)
Rendered shared/_flashes (5.4ms)
Completed in 22ms (View: 20, DB: 0) | 200 OK [http://localhost/session/new]
  [4;36;1mSQL (0.4ms)[0m   [0;1m SELECT name
 FROM sqlite_master
 WHERE type = 'table' AND NOT name = 'sqlite_sequence'
[0m
  [4;35;1mSQL (120.9ms)[0m   [0mDELETE FROM "users";[0m


Processing Clearance::SessionsController#new (for 127.0.0.1 at 2009-12-08 11:19:41) [GET]
  Parameters: {"action"=>"new", "controller"=>"clearance/sessions"}
Rendering template within layouts/application
Rendering sessions/new
Rendered shared/_user_panel (0.7ms)
Rendered shared/_flashes (5.5ms)
Completed in 23ms (View: 21, DB: 0) | 200 OK [http://localhost/session/new]
  [4;36;1mSQL (0.5ms)[0m   [0;1m SELECT name
 FROM sqlite_master
 WHERE type = 'table' AND NOT name = 'sqlite_sequence'
[0m
  [4;35;1mSQL (2.3ms)[0m   [0mDELETE FROM "users";[0m
  [4;36;1mUser Load (0.2ms)[0m   [0;1mSELECT "users".id FROM "users" WHERE (LOWER("users"."email") = 'email@person.com') LIMIT 1[0m
  [4;35;1mUser Create (0.4ms)[0m   [0mINSERT INTO "users" ("encrypted_password", "salt", "created_at", "updated_at", "remember_token", "confirmation_token", "email_confirmed", "email") VALUES('e6426359b181e74ee025f4c58b353fc3edab6422', 'df3873e31ea3245bf83e111d06374f4f7ede66ec', '2009-12-08 16:38:39', '2009-12-08 16:38:39', NULL, 'c52a0e854e1eb2d14b16110933ff9bf764c0bbf8', 't', 'email@person.com')[0m


Processing Clearance::SessionsController#new (for 127.0.0.1 at 2009-12-08 11:38:53) [GET]
  Parameters: {"action"=>"new", "controller"=>"clearance/sessions"}
Rendering template within layouts/application
Rendering sessions/new
Rendered shared/_user_panel (0.7ms)
Rendered shared/_flashes (6.0ms)
Completed in 26ms (View: 24, DB: 0) | 200 OK [http://localhost/session/new]
  [4;36;1mSQL (0.4ms)[0m   [0;1m SELECT name
 FROM sqlite_master
 WHERE type = 'table' AND NOT name = 'sqlite_sequence'
[0m
  [4;35;1mSQL (1.6ms)[0m   [0mDELETE FROM "users";[0m
